app/build/intermediates/manifest_merge_blame_file/debug/manifest-merger-blame-debug-report.txt
1<?xml version="1.0" encoding="utf-8"?>
2<manifest xmlns:android="http://schemas.android.com/apk/res/android"
3    package="org.tensorflow.objectorator.objectdetection"
4    android:versionCode="1"
5    android:versionName="1.0" >
6
7    <uses-sdk
8        android:minSdkVersion="23"
8-->src/main/AndroidManifest.xml
9        android:targetSdkVersion="30" />
9-->src/main/AndroidManifest.xml
10
11    <queries>
11-->src/main/AndroidManifest.xml:5:5-9:15
12        <intent>
12-->src/main/AndroidManifest.xml:6:9-8:18
13            <action android:name="android.media.action.IMAGE_CAPTURE" />
13-->src/main/AndroidManifest.xml:7:13-73
13-->src/main/AndroidManifest.xml:7:21-70
14        </intent>
15    </queries>
16
17    <!-- Although the *SdkVersion is captured in gradle build files, this is required for non gradle builds -->
18    <!-- <uses-sdk android:minSdkVersion="14"/> -->
19    <uses-permission android:name="android.permission.ACCESS_NETWORK_STATE" />
19-->[com.google.android.datatransport:transport-backend-cct:2.3.3] AndroidManifest.xml:25:5-79
19-->[com.google.android.datatransport:transport-backend-cct:2.3.3] AndroidManifest.xml:25:22-76
20    <uses-permission android:name="android.permission.INTERNET" />
20-->[com.google.android.datatransport:transport-backend-cct:2.3.3] AndroidManifest.xml:26:5-67
20-->[com.google.android.datatransport:transport-backend-cct:2.3.3] AndroidManifest.xml:26:22-64
21    <uses-permission android:name="android.permission.WRITE_EXTERNAL_STORAGE" />
22    <uses-permission android:name="android.permission.READ_PHONE_STATE" />
23    <uses-permission android:name="android.permission.READ_EXTERNAL_STORAGE" />
24
25    <application
25-->src/main/AndroidManifest.xml:11:5-36:19
26        android:allowBackup="true"
26-->src/main/AndroidManifest.xml:12:9-35
27        android:appComponentFactory="androidx.core.app.CoreComponentFactory"
27-->[androidx.core:core:1.3.2] AndroidManifest.xml:24:18-86
28        android:debuggable="true"
29        android:extractNativeLibs="false"
30        android:icon="@mipmap/ic_launcher"
30-->src/main/AndroidManifest.xml:13:9-43
31        android:label="@string/app_name"
31-->src/main/AndroidManifest.xml:14:9-41
32        android:roundIcon="@mipmap/ic_launcher_round"
32-->src/main/AndroidManifest.xml:15:9-54
33        android:supportsRtl="true"
33-->src/main/AndroidManifest.xml:16:9-35
34        android:testOnly="true"
35        android:theme="@style/Theme.ObjectDetection" >
35-->src/main/AndroidManifest.xml:17:9-53
36        <activity
36-->src/main/AndroidManifest.xml:18:9-25:20
37            android:name="org.tensorflow.objectorator.objectdetection.MainActivity"
37-->src/main/AndroidManifest.xml:18:19-90
38            android:exported="true" >
38-->src/main/AndroidManifest.xml:19:13-36
39            <intent-filter>
39-->src/main/AndroidManifest.xml:20:13-24:29
40                <action android:name="android.intent.action.MAIN" />
40-->src/main/AndroidManifest.xml:21:17-69
40-->src/main/AndroidManifest.xml:21:25-66
41
42                <category android:name="android.intent.category.LAUNCHER" />
42-->src/main/AndroidManifest.xml:23:17-77
42-->src/main/AndroidManifest.xml:23:27-74
43            </intent-filter>
44        </activity>
45
46        <provider
46-->src/main/AndroidManifest.xml:27:9-35:20
47            android:name="androidx.core.content.FileProvider"
47-->src/main/AndroidManifest.xml:28:13-62
48            android:authorities="org.tensorflow.objectorator.objectdetection.provider"
48-->src/main/AndroidManifest.xml:29:13-87
49            android:exported="false"
49-->src/main/AndroidManifest.xml:30:13-37
50            android:grantUriPermissions="true" >
50-->src/main/AndroidManifest.xml:31:13-47
51            <meta-data
51-->src/main/AndroidManifest.xml:32:13-34:54
52                android:name="android.support.FILE_PROVIDER_PATHS"
52-->src/main/AndroidManifest.xml:33:17-67
53                android:resource="@xml/file_paths" />
53-->src/main/AndroidManifest.xml:34:17-51
54        </provider>
55
56        <service
56-->[com.google.mlkit:vision-common:16.5.0] AndroidManifest.xml:9:9-15:19
57            android:name="com.google.mlkit.common.internal.MlKitComponentDiscoveryService"
57-->[com.google.mlkit:vision-common:16.5.0] AndroidManifest.xml:10:13-91
58            android:directBootAware="true"
58-->[com.google.mlkit:common:17.1.1] AndroidManifest.xml:17:13-43
59            android:exported="false" >
59-->[com.google.mlkit:vision-common:16.5.0] AndroidManifest.xml:11:13-37
60            <meta-data
60-->[com.google.mlkit:vision-common:16.5.0] AndroidManifest.xml:12:13-14:85
61                android:name="com.google.firebase.components:com.google.mlkit.vision.common.internal.VisionCommonRegistrar"
61-->[com.google.mlkit:vision-common:16.5.0] AndroidManifest.xml:13:17-124
62                android:value="com.google.firebase.components.ComponentRegistrar" />
62-->[com.google.mlkit:vision-common:16.5.0] AndroidManifest.xml:14:17-82
63            <meta-data
63-->[com.google.mlkit:common:17.1.1] AndroidManifest.xml:20:13-22:85
64                android:name="com.google.firebase.components:com.google.mlkit.common.internal.CommonComponentRegistrar"
64-->[com.google.mlkit:common:17.1.1] AndroidManifest.xml:21:17-120
65                android:value="com.google.firebase.components.ComponentRegistrar" />
65-->[com.google.mlkit:common:17.1.1] AndroidManifest.xml:22:17-82
66        </service>
67
68        <provider
68-->[com.google.mlkit:common:17.1.1] AndroidManifest.xml:9:9-13:38
69            android:name="com.google.mlkit.common.internal.MlKitInitProvider"
69-->[com.google.mlkit:common:17.1.1] AndroidManifest.xml:10:13-78
70            android:authorities="org.tensorflow.objectorator.objectdetection.mlkitinitprovider"
70-->[com.google.mlkit:common:17.1.1] AndroidManifest.xml:11:13-69
71            android:exported="false"
71-->[com.google.mlkit:common:17.1.1] AndroidManifest.xml:12:13-37
72            android:initOrder="99" />
72-->[com.google.mlkit:common:17.1.1] AndroidManifest.xml:13:13-35
73
74        <activity
74-->[com.google.android.gms:play-services-base:17.6.0] AndroidManifest.xml:23:9-26:75
75            android:name="com.google.android.gms.common.api.GoogleApiActivity"
75-->[com.google.android.gms:play-services-base:17.6.0] AndroidManifest.xml:24:13-79
76            android:exported="false"
76-->[com.google.android.gms:play-services-base:17.6.0] AndroidManifest.xml:25:13-37
77            android:theme="@android:style/Theme.Translucent.NoTitleBar" />
77-->[com.google.android.gms:play-services-base:17.6.0] AndroidManifest.xml:26:13-72
78
79        <meta-data
79-->[com.google.android.gms:play-services-basement:17.6.0] AndroidManifest.xml:23:9-25:69
80            android:name="com.google.android.gms.version"
80-->[com.google.android.gms:play-services-basement:17.6.0] AndroidManifest.xml:24:13-58
81            android:value="@integer/google_play_services_version" />
81-->[com.google.android.gms:play-services-basement:17.6.0] AndroidManifest.xml:25:13-66
82
83        <service
83-->[com.google.android.datatransport:transport-backend-cct:2.3.3] AndroidManifest.xml:29:9-35:19
84            android:name="com.google.android.datatransport.runtime.backends.TransportBackendDiscovery"
84-->[com.google.android.datatransport:transport-backend-cct:2.3.3] AndroidManifest.xml:30:13-103
85            android:exported="false" >
85-->[com.google.android.datatransport:transport-backend-cct:2.3.3] AndroidManifest.xml:31:13-37
86            <meta-data
86-->[com.google.android.datatransport:transport-backend-cct:2.3.3] AndroidManifest.xml:32:13-34:39
87                android:name="backend:com.google.android.datatransport.cct.CctBackendFactory"
87-->[com.google.android.datatransport:transport-backend-cct:2.3.3] AndroidManifest.xml:33:17-94
88                android:value="cct" />
88-->[com.google.android.datatransport:transport-backend-cct:2.3.3] AndroidManifest.xml:34:17-36
89        </service>
90        <service
90-->[com.google.android.datatransport:transport-runtime:2.2.6] AndroidManifest.xml:26:9-30:19
91            android:name="com.google.android.datatransport.runtime.scheduling.jobscheduling.JobInfoSchedulerService"
91-->[com.google.android.datatransport:transport-runtime:2.2.6] AndroidManifest.xml:27:13-117
92            android:exported="false"
92-->[com.google.android.datatransport:transport-runtime:2.2.6] AndroidManifest.xml:28:13-37
93            android:permission="android.permission.BIND_JOB_SERVICE" >
93-->[com.google.android.datatransport:transport-runtime:2.2.6] AndroidManifest.xml:29:13-69
94        </service>
95
96        <receiver
96-->[com.google.android.datatransport:transport-runtime:2.2.6] AndroidManifest.xml:32:9-34:40
97            android:name="com.google.android.datatransport.runtime.scheduling.jobscheduling.AlarmManagerSchedulerBroadcastReceiver"
97-->[com.google.android.datatransport:transport-runtime:2.2.6] AndroidManifest.xml:33:13-132
98            android:exported="false" />
98-->[com.google.android.datatransport:transport-runtime:2.2.6] AndroidManifest.xml:34:13-37
99    </application>
100
101</manifest>